Determining if the pthread_create exist failed with the following output:
Change Dir: /home/cdi/Dropbox/Workspace_CDI/workspace_prog/catkin_ws/build-src-Desktop_Qt_5_12_9_GCC_64bit-RelWithDebInfo/CMakeFiles/CMakeTmp

Run Build Command:"/usr/bin/make" "cmTC_a774e/fast"
/usr/bin/make -f CMakeFiles/cmTC_a774e.dir/build.make CMakeFiles/cmTC_a774e.dir/build
make[1]: Entering directory '/home/cdi/Dropbox/Workspace_CDI/workspace_prog/catkin_ws/build-src-Desktop_Qt_5_12_9_GCC_64bit-RelWithDebInfo/CMakeFiles/CMakeTmp'
Building C object CMakeFiles/cmTC_a774e.dir/CheckSymbolExists.c.o
/usr/bin/gcc    -o CMakeFiles/cmTC_a774e.dir/CheckSymbolExists.c.o   -c /home/cdi/Dropbox/Workspace_CDI/workspace_prog/catkin_ws/build-src-Desktop_Qt_5_12_9_GCC_64bit-RelWithDebInfo/CMakeFiles/CMakeTmp/CheckSymbolExists.c
Linking C executable cmTC_a774e
/usr/bin/cmake -E cmake_link_script CMakeFiles/cmTC_a774e.dir/link.txt --verbose=1
/usr/bin/gcc      -rdynamic CMakeFiles/cmTC_a774e.dir/CheckSymbolExists.c.o  -o cmTC_a774e 
CMakeFiles/cmTC_a774e.dir/CheckSymbolExists.c.o: In function `main':
CheckSymbolExists.c:(.text+0x1b): undefined reference to `pthread_create'
collect2: error: ld returned 1 exit status
CMakeFiles/cmTC_a774e.dir/build.make:97: recipe for target 'cmTC_a774e' failed
make[1]: *** [cmTC_a774e] Error 1
make[1]: Leaving directory '/home/cdi/Dropbox/Workspace_CDI/workspace_prog/catkin_ws/build-src-Desktop_Qt_5_12_9_GCC_64bit-RelWithDebInfo/CMakeFiles/CMakeTmp'
Makefile:126: recipe for target 'cmTC_a774e/fast' failed
make: *** [cmTC_a774e/fast] Error 2

File /home/cdi/Dropbox/Workspace_CDI/workspace_prog/catkin_ws/build-src-Desktop_Qt_5_12_9_GCC_64bit-RelWithDebInfo/CMakeFiles/CMakeTmp/CheckSymbolExists.c:
/* */
#include <pthread.h>

int main(int argc, char** argv)
{
  (void)argv;
#ifndef pthread_create
  return ((int*)(&pthread_create))[argc];
#else
  (void)argc;
  return 0;
#endif
}

Determining if the function pthread_create exists in the pthreads failed with the following output:
Change Dir: /home/cdi/Dropbox/Workspace_CDI/workspace_prog/catkin_ws/build-src-Desktop_Qt_5_12_9_GCC_64bit-RelWithDebInfo/CMakeFiles/CMakeTmp

Run Build Command:"/usr/bin/make" "cmTC_d00af/fast"
/usr/bin/make -f CMakeFiles/cmTC_d00af.dir/build.make CMakeFiles/cmTC_d00af.dir/build
make[1]: Entering directory '/home/cdi/Dropbox/Workspace_CDI/workspace_prog/catkin_ws/build-src-Desktop_Qt_5_12_9_GCC_64bit-RelWithDebInfo/CMakeFiles/CMakeTmp'
Building C object CMakeFiles/cmTC_d00af.dir/CheckFunctionExists.c.o
/usr/bin/gcc   -DCHECK_FUNCTION_EXISTS=pthread_create   -o CMakeFiles/cmTC_d00af.dir/CheckFunctionExists.c.o   -c /usr/share/cmake-3.10/Modules/CheckFunctionExists.c
Linking C executable cmTC_d00af
/usr/bin/cmake -E cmake_link_script CMakeFiles/cmTC_d00af.dir/link.txt --verbose=1
/usr/bin/gcc  -DCHECK_FUNCTION_EXISTS=pthread_create    -rdynamic CMakeFiles/cmTC_d00af.dir/CheckFunctionExists.c.o  -o cmTC_d00af -lpthreads 
/usr/bin/ld: cannot find -lpthreads
collect2: error: ld returned 1 exit status
CMakeFiles/cmTC_d00af.dir/build.make:97: recipe for target 'cmTC_d00af' failed
make[1]: *** [cmTC_d00af] Error 1
make[1]: Leaving directory '/home/cdi/Dropbox/Workspace_CDI/workspace_prog/catkin_ws/build-src-Desktop_Qt_5_12_9_GCC_64bit-RelWithDebInfo/CMakeFiles/CMakeTmp'
Makefile:126: recipe for target 'cmTC_d00af/fast' failed
make: *** [cmTC_d00af/fast] Error 2


Determining if the Q_WS_WIN exist failed with the following output:
Change Dir: /home/cdi/Dropbox/Workspace_CDI/workspace_prog/catkin_ws/build-src-Desktop_Qt_5_12_9_GCC_64bit-RelWithDebInfo/CMakeFiles/CMakeTmp

Run Build Command:"/usr/bin/make" "cmTC_b6e94/fast"
/usr/bin/make -f CMakeFiles/cmTC_b6e94.dir/build.make CMakeFiles/cmTC_b6e94.dir/build
make[1]: Entering directory '/home/cdi/Dropbox/Workspace_CDI/workspace_prog/catkin_ws/build-src-Desktop_Qt_5_12_9_GCC_64bit-RelWithDebInfo/CMakeFiles/CMakeTmp'
Building CXX object CMakeFiles/cmTC_b6e94.dir/CheckSymbolExists.cxx.o
/usr/bin/g++   -I/usr/include/qt4   -o CMakeFiles/cmTC_b6e94.dir/CheckSymbolExists.cxx.o -c /home/cdi/Dropbox/Workspace_CDI/workspace_prog/catkin_ws/build-src-Desktop_Qt_5_12_9_GCC_64bit-RelWithDebInfo/CMakeFiles/CMakeTmp/CheckSymbolExists.cxx
/home/cdi/Dropbox/Workspace_CDI/workspace_prog/catkin_ws/build-src-Desktop_Qt_5_12_9_GCC_64bit-RelWithDebInfo/CMakeFiles/CMakeTmp/CheckSymbolExists.cxx: In function ‘int main(int, char**)’:
/home/cdi/Dropbox/Workspace_CDI/workspace_prog/catkin_ws/build-src-Desktop_Qt_5_12_9_GCC_64bit-RelWithDebInfo/CMakeFiles/CMakeTmp/CheckSymbolExists.cxx:8:19: error: ‘Q_WS_WIN’ was not declared in this scope
   return ((int*)(&Q_WS_WIN))[argc];
                   ^~~~~~~~
/home/cdi/Dropbox/Workspace_CDI/workspace_prog/catkin_ws/build-src-Desktop_Qt_5_12_9_GCC_64bit-RelWithDebInfo/CMakeFiles/CMakeTmp/CheckSymbolExists.cxx:8:19: note: suggested alternative: ‘Q_WS_X11’
   return ((int*)(&Q_WS_WIN))[argc];
                   ^~~~~~~~
                   Q_WS_X11
CMakeFiles/cmTC_b6e94.dir/build.make:65: recipe for target 'CMakeFiles/cmTC_b6e94.dir/CheckSymbolExists.cxx.o' failed
make[1]: *** [CMakeFiles/cmTC_b6e94.dir/CheckSymbolExists.cxx.o] Error 1
make[1]: Leaving directory '/home/cdi/Dropbox/Workspace_CDI/workspace_prog/catkin_ws/build-src-Desktop_Qt_5_12_9_GCC_64bit-RelWithDebInfo/CMakeFiles/CMakeTmp'
Makefile:126: recipe for target 'cmTC_b6e94/fast' failed
make: *** [cmTC_b6e94/fast] Error 2

File /home/cdi/Dropbox/Workspace_CDI/workspace_prog/catkin_ws/build-src-Desktop_Qt_5_12_9_GCC_64bit-RelWithDebInfo/CMakeFiles/CMakeTmp/CheckSymbolExists.cxx:
/* */
#include <QtCore/qglobal.h>

int main(int argc, char** argv)
{
  (void)argv;
#ifndef Q_WS_WIN
  return ((int*)(&Q_WS_WIN))[argc];
#else
  (void)argc;
  return 0;
#endif
}

Determining if the Q_WS_QWS exist failed with the following output:
Change Dir: /home/cdi/Dropbox/Workspace_CDI/workspace_prog/catkin_ws/build-src-Desktop_Qt_5_12_9_GCC_64bit-RelWithDebInfo/CMakeFiles/CMakeTmp

Run Build Command:"/usr/bin/make" "cmTC_19ff3/fast"
/usr/bin/make -f CMakeFiles/cmTC_19ff3.dir/build.make CMakeFiles/cmTC_19ff3.dir/build
make[1]: Entering directory '/home/cdi/Dropbox/Workspace_CDI/workspace_prog/catkin_ws/build-src-Desktop_Qt_5_12_9_GCC_64bit-RelWithDebInfo/CMakeFiles/CMakeTmp'
Building CXX object CMakeFiles/cmTC_19ff3.dir/CheckSymbolExists.cxx.o
/usr/bin/g++   -I/usr/include/qt4   -o CMakeFiles/cmTC_19ff3.dir/CheckSymbolExists.cxx.o -c /home/cdi/Dropbox/Workspace_CDI/workspace_prog/catkin_ws/build-src-Desktop_Qt_5_12_9_GCC_64bit-RelWithDebInfo/CMakeFiles/CMakeTmp/CheckSymbolExists.cxx
/home/cdi/Dropbox/Workspace_CDI/workspace_prog/catkin_ws/build-src-Desktop_Qt_5_12_9_GCC_64bit-RelWithDebInfo/CMakeFiles/CMakeTmp/CheckSymbolExists.cxx: In function ‘int main(int, char**)’:
/home/cdi/Dropbox/Workspace_CDI/workspace_prog/catkin_ws/build-src-Desktop_Qt_5_12_9_GCC_64bit-RelWithDebInfo/CMakeFiles/CMakeTmp/CheckSymbolExists.cxx:8:19: error: ‘Q_WS_QWS’ was not declared in this scope
   return ((int*)(&Q_WS_QWS))[argc];
                   ^~~~~~~~
/home/cdi/Dropbox/Workspace_CDI/workspace_prog/catkin_ws/build-src-Desktop_Qt_5_12_9_GCC_64bit-RelWithDebInfo/CMakeFiles/CMakeTmp/CheckSymbolExists.cxx:8:19: note: suggested alternative: ‘Q_WS_X11’
   return ((int*)(&Q_WS_QWS))[argc];
                   ^~~~~~~~
                   Q_WS_X11
CMakeFiles/cmTC_19ff3.dir/build.make:65: recipe for target 'CMakeFiles/cmTC_19ff3.dir/CheckSymbolExists.cxx.o' failed
make[1]: *** [CMakeFiles/cmTC_19ff3.dir/CheckSymbolExists.cxx.o] Error 1
make[1]: Leaving directory '/home/cdi/Dropbox/Workspace_CDI/workspace_prog/catkin_ws/build-src-Desktop_Qt_5_12_9_GCC_64bit-RelWithDebInfo/CMakeFiles/CMakeTmp'
Makefile:126: recipe for target 'cmTC_19ff3/fast' failed
make: *** [cmTC_19ff3/fast] Error 2

File /home/cdi/Dropbox/Workspace_CDI/workspace_prog/catkin_ws/build-src-Desktop_Qt_5_12_9_GCC_64bit-RelWithDebInfo/CMakeFiles/CMakeTmp/CheckSymbolExists.cxx:
/* */
#include <QtCore/qglobal.h>

int main(int argc, char** argv)
{
  (void)argv;
#ifndef Q_WS_QWS
  return ((int*)(&Q_WS_QWS))[argc];
#else
  (void)argc;
  return 0;
#endif
}

Determining if the Q_WS_MAC exist failed with the following output:
Change Dir: /home/cdi/Dropbox/Workspace_CDI/workspace_prog/catkin_ws/build-src-Desktop_Qt_5_12_9_GCC_64bit-RelWithDebInfo/CMakeFiles/CMakeTmp

Run Build Command:"/usr/bin/make" "cmTC_e73f3/fast"
/usr/bin/make -f CMakeFiles/cmTC_e73f3.dir/build.make CMakeFiles/cmTC_e73f3.dir/build
make[1]: Entering directory '/home/cdi/Dropbox/Workspace_CDI/workspace_prog/catkin_ws/build-src-Desktop_Qt_5_12_9_GCC_64bit-RelWithDebInfo/CMakeFiles/CMakeTmp'
Building CXX object CMakeFiles/cmTC_e73f3.dir/CheckSymbolExists.cxx.o
/usr/bin/g++   -I/usr/include/qt4   -o CMakeFiles/cmTC_e73f3.dir/CheckSymbolExists.cxx.o -c /home/cdi/Dropbox/Workspace_CDI/workspace_prog/catkin_ws/build-src-Desktop_Qt_5_12_9_GCC_64bit-RelWithDebInfo/CMakeFiles/CMakeTmp/CheckSymbolExists.cxx
/home/cdi/Dropbox/Workspace_CDI/workspace_prog/catkin_ws/build-src-Desktop_Qt_5_12_9_GCC_64bit-RelWithDebInfo/CMakeFiles/CMakeTmp/CheckSymbolExists.cxx: In function ‘int main(int, char**)’:
/home/cdi/Dropbox/Workspace_CDI/workspace_prog/catkin_ws/build-src-Desktop_Qt_5_12_9_GCC_64bit-RelWithDebInfo/CMakeFiles/CMakeTmp/CheckSymbolExists.cxx:8:19: error: ‘Q_WS_MAC’ was not declared in this scope
   return ((int*)(&Q_WS_MAC))[argc];
                   ^~~~~~~~
/home/cdi/Dropbox/Workspace_CDI/workspace_prog/catkin_ws/build-src-Desktop_Qt_5_12_9_GCC_64bit-RelWithDebInfo/CMakeFiles/CMakeTmp/CheckSymbolExists.cxx:8:19: note: suggested alternative: ‘Q_WS_X11’
   return ((int*)(&Q_WS_MAC))[argc];
                   ^~~~~~~~
                   Q_WS_X11
CMakeFiles/cmTC_e73f3.dir/build.make:65: recipe for target 'CMakeFiles/cmTC_e73f3.dir/CheckSymbolExists.cxx.o' failed
make[1]: *** [CMakeFiles/cmTC_e73f3.dir/CheckSymbolExists.cxx.o] Error 1
make[1]: Leaving directory '/home/cdi/Dropbox/Workspace_CDI/workspace_prog/catkin_ws/build-src-Desktop_Qt_5_12_9_GCC_64bit-RelWithDebInfo/CMakeFiles/CMakeTmp'
Makefile:126: recipe for target 'cmTC_e73f3/fast' failed
make: *** [cmTC_e73f3/fast] Error 2

File /home/cdi/Dropbox/Workspace_CDI/workspace_prog/catkin_ws/build-src-Desktop_Qt_5_12_9_GCC_64bit-RelWithDebInfo/CMakeFiles/CMakeTmp/CheckSymbolExists.cxx:
/* */
#include <QtCore/qglobal.h>

int main(int argc, char** argv)
{
  (void)argv;
#ifndef Q_WS_MAC
  return ((int*)(&Q_WS_MAC))[argc];
#else
  (void)argc;
  return 0;
#endif
}

