Determining if the pthread_create exist failed with the following output:
Change Dir: /home/odroid/workspace/catkin_ws/build/CMakeFiles/CMakeTmp

Run Build Command:"/usr/bin/make" "cmTC_45d1c/fast"
/usr/bin/make -f CMakeFiles/cmTC_45d1c.dir/build.make CMakeFiles/cmTC_45d1c.dir/build
make[1]: Entering directory '/home/odroid/workspace/catkin_ws/build/CMakeFiles/CMakeTmp'
Building C object CMakeFiles/cmTC_45d1c.dir/CheckSymbolExists.c.o
/usr/bin/cc    -o CMakeFiles/cmTC_45d1c.dir/CheckSymbolExists.c.o   -c /home/odroid/workspace/catkin_ws/build/CMakeFiles/CMakeTmp/CheckSymbolExists.c
Linking C executable cmTC_45d1c
/usr/bin/cmake -E cmake_link_script CMakeFiles/cmTC_45d1c.dir/link.txt --verbose=1
/usr/bin/cc      -rdynamic CMakeFiles/cmTC_45d1c.dir/CheckSymbolExists.c.o  -o cmTC_45d1c 
CMakeFiles/cmTC_45d1c.dir/CheckSymbolExists.c.o: In function `main':
CheckSymbolExists.c:(.text+0x2c): undefined reference to `pthread_create'
collect2: error: ld returned 1 exit status
CMakeFiles/cmTC_45d1c.dir/build.make:97: recipe for target 'cmTC_45d1c' failed
make[1]: *** [cmTC_45d1c] Error 1
make[1]: Leaving directory '/home/odroid/workspace/catkin_ws/build/CMakeFiles/CMakeTmp'
Makefile:126: recipe for target 'cmTC_45d1c/fast' failed
make: *** [cmTC_45d1c/fast] Error 2

File /home/odroid/workspace/catkin_ws/build/CMakeFiles/CMakeTmp/CheckSymbolExists.c:
/* */
#include <pthread.h>

int main(int argc, char** argv)
{
  (void)argv;
#ifndef pthread_create
  return ((int*)(&pthread_create))[argc];
#else
  (void)argc;
  return 0;
#endif
}

Determining if the function pthread_create exists in the pthreads failed with the following output:
Change Dir: /home/odroid/workspace/catkin_ws/build/CMakeFiles/CMakeTmp

Run Build Command:"/usr/bin/make" "cmTC_0d85a/fast"
/usr/bin/make -f CMakeFiles/cmTC_0d85a.dir/build.make CMakeFiles/cmTC_0d85a.dir/build
make[1]: Entering directory '/home/odroid/workspace/catkin_ws/build/CMakeFiles/CMakeTmp'
Building C object CMakeFiles/cmTC_0d85a.dir/CheckFunctionExists.c.o
/usr/bin/cc   -DCHECK_FUNCTION_EXISTS=pthread_create   -o CMakeFiles/cmTC_0d85a.dir/CheckFunctionExists.c.o   -c /usr/share/cmake-3.10/Modules/CheckFunctionExists.c
Linking C executable cmTC_0d85a
/usr/bin/cmake -E cmake_link_script CMakeFiles/cmTC_0d85a.dir/link.txt --verbose=1
/usr/bin/cc  -DCHECK_FUNCTION_EXISTS=pthread_create    -rdynamic CMakeFiles/cmTC_0d85a.dir/CheckFunctionExists.c.o  -o cmTC_0d85a -lpthreads 
/usr/bin/ld: cannot find -lpthreads
collect2: error: ld returned 1 exit status
CMakeFiles/cmTC_0d85a.dir/build.make:97: recipe for target 'cmTC_0d85a' failed
make[1]: *** [cmTC_0d85a] Error 1
make[1]: Leaving directory '/home/odroid/workspace/catkin_ws/build/CMakeFiles/CMakeTmp'
Makefile:126: recipe for target 'cmTC_0d85a/fast' failed
make: *** [cmTC_0d85a/fast] Error 2


Determining if the Q_WS_WIN exist failed with the following output:
Change Dir: /home/odroid/workspace/catkin_ws/build/CMakeFiles/CMakeTmp

Run Build Command:"/usr/bin/make" "cmTC_606e2/fast"
/usr/bin/make -f CMakeFiles/cmTC_606e2.dir/build.make CMakeFiles/cmTC_606e2.dir/build
make[1]: Entering directory '/home/odroid/workspace/catkin_ws/build/CMakeFiles/CMakeTmp'
Building CXX object CMakeFiles/cmTC_606e2.dir/CheckSymbolExists.cxx.o
/usr/bin/c++   -I/usr/include/qt4   -o CMakeFiles/cmTC_606e2.dir/CheckSymbolExists.cxx.o -c /home/odroid/workspace/catkin_ws/build/CMakeFiles/CMakeTmp/CheckSymbolExists.cxx
/home/odroid/workspace/catkin_ws/build/CMakeFiles/CMakeTmp/CheckSymbolExists.cxx: In function 'int main(int, char**)':
/home/odroid/workspace/catkin_ws/build/CMakeFiles/CMakeTmp/CheckSymbolExists.cxx:8:19: error: 'Q_WS_WIN' was not declared in this scope
   return ((int*)(&Q_WS_WIN))[argc];
                   ^~~~~~~~
/home/odroid/workspace/catkin_ws/build/CMakeFiles/CMakeTmp/CheckSymbolExists.cxx:8:19: note: suggested alternative: 'Q_WS_X11'
   return ((int*)(&Q_WS_WIN))[argc];
                   ^~~~~~~~
                   Q_WS_X11
CMakeFiles/cmTC_606e2.dir/build.make:65: recipe for target 'CMakeFiles/cmTC_606e2.dir/CheckSymbolExists.cxx.o' failed
make[1]: *** [CMakeFiles/cmTC_606e2.dir/CheckSymbolExists.cxx.o] Error 1
make[1]: Leaving directory '/home/odroid/workspace/catkin_ws/build/CMakeFiles/CMakeTmp'
Makefile:126: recipe for target 'cmTC_606e2/fast' failed
make: *** [cmTC_606e2/fast] Error 2

File /home/odroid/workspace/catkin_ws/build/CMakeFiles/CMakeTmp/CheckSymbolExists.cxx:
/* */
#include <QtCore/qglobal.h>

int main(int argc, char** argv)
{
  (void)argv;
#ifndef Q_WS_WIN
  return ((int*)(&Q_WS_WIN))[argc];
#else
  (void)argc;
  return 0;
#endif
}

Determining if the Q_WS_QWS exist failed with the following output:
Change Dir: /home/odroid/workspace/catkin_ws/build/CMakeFiles/CMakeTmp

Run Build Command:"/usr/bin/make" "cmTC_b582d/fast"
/usr/bin/make -f CMakeFiles/cmTC_b582d.dir/build.make CMakeFiles/cmTC_b582d.dir/build
make[1]: Entering directory '/home/odroid/workspace/catkin_ws/build/CMakeFiles/CMakeTmp'
Building CXX object CMakeFiles/cmTC_b582d.dir/CheckSymbolExists.cxx.o
/usr/bin/c++   -I/usr/include/qt4   -o CMakeFiles/cmTC_b582d.dir/CheckSymbolExists.cxx.o -c /home/odroid/workspace/catkin_ws/build/CMakeFiles/CMakeTmp/CheckSymbolExists.cxx
/home/odroid/workspace/catkin_ws/build/CMakeFiles/CMakeTmp/CheckSymbolExists.cxx: In function 'int main(int, char**)':
/home/odroid/workspace/catkin_ws/build/CMakeFiles/CMakeTmp/CheckSymbolExists.cxx:8:19: error: 'Q_WS_QWS' was not declared in this scope
   return ((int*)(&Q_WS_QWS))[argc];
                   ^~~~~~~~
/home/odroid/workspace/catkin_ws/build/CMakeFiles/CMakeTmp/CheckSymbolExists.cxx:8:19: note: suggested alternative: 'Q_WS_X11'
   return ((int*)(&Q_WS_QWS))[argc];
                   ^~~~~~~~
                   Q_WS_X11
CMakeFiles/cmTC_b582d.dir/build.make:65: recipe for target 'CMakeFiles/cmTC_b582d.dir/CheckSymbolExists.cxx.o' failed
make[1]: *** [CMakeFiles/cmTC_b582d.dir/CheckSymbolExists.cxx.o] Error 1
make[1]: Leaving directory '/home/odroid/workspace/catkin_ws/build/CMakeFiles/CMakeTmp'
Makefile:126: recipe for target 'cmTC_b582d/fast' failed
make: *** [cmTC_b582d/fast] Error 2

File /home/odroid/workspace/catkin_ws/build/CMakeFiles/CMakeTmp/CheckSymbolExists.cxx:
/* */
#include <QtCore/qglobal.h>

int main(int argc, char** argv)
{
  (void)argv;
#ifndef Q_WS_QWS
  return ((int*)(&Q_WS_QWS))[argc];
#else
  (void)argc;
  return 0;
#endif
}

Determining if the Q_WS_MAC exist failed with the following output:
Change Dir: /home/odroid/workspace/catkin_ws/build/CMakeFiles/CMakeTmp

Run Build Command:"/usr/bin/make" "cmTC_eee4c/fast"
/usr/bin/make -f CMakeFiles/cmTC_eee4c.dir/build.make CMakeFiles/cmTC_eee4c.dir/build
make[1]: Entering directory '/home/odroid/workspace/catkin_ws/build/CMakeFiles/CMakeTmp'
Building CXX object CMakeFiles/cmTC_eee4c.dir/CheckSymbolExists.cxx.o
/usr/bin/c++   -I/usr/include/qt4   -o CMakeFiles/cmTC_eee4c.dir/CheckSymbolExists.cxx.o -c /home/odroid/workspace/catkin_ws/build/CMakeFiles/CMakeTmp/CheckSymbolExists.cxx
/home/odroid/workspace/catkin_ws/build/CMakeFiles/CMakeTmp/CheckSymbolExists.cxx: In function 'int main(int, char**)':
/home/odroid/workspace/catkin_ws/build/CMakeFiles/CMakeTmp/CheckSymbolExists.cxx:8:19: error: 'Q_WS_MAC' was not declared in this scope
   return ((int*)(&Q_WS_MAC))[argc];
                   ^~~~~~~~
/home/odroid/workspace/catkin_ws/build/CMakeFiles/CMakeTmp/CheckSymbolExists.cxx:8:19: note: suggested alternative: 'Q_WS_X11'
   return ((int*)(&Q_WS_MAC))[argc];
                   ^~~~~~~~
                   Q_WS_X11
CMakeFiles/cmTC_eee4c.dir/build.make:65: recipe for target 'CMakeFiles/cmTC_eee4c.dir/CheckSymbolExists.cxx.o' failed
make[1]: *** [CMakeFiles/cmTC_eee4c.dir/CheckSymbolExists.cxx.o] Error 1
make[1]: Leaving directory '/home/odroid/workspace/catkin_ws/build/CMakeFiles/CMakeTmp'
Makefile:126: recipe for target 'cmTC_eee4c/fast' failed
make: *** [cmTC_eee4c/fast] Error 2

File /home/odroid/workspace/catkin_ws/build/CMakeFiles/CMakeTmp/CheckSymbolExists.cxx:
/* */
#include <QtCore/qglobal.h>

int main(int argc, char** argv)
{
  (void)argv;
#ifndef Q_WS_MAC
  return ((int*)(&Q_WS_MAC))[argc];
#else
  (void)argc;
  return 0;
#endif
}

